<?xml version="1.0" encoding="UTF-8" standalone="no"?><testsuite errors="0" failures="3" name="Obtener peticiones de la seccion mascotas" skipped="0" tests="7" time="13.7" timestamp="2025-03-12 01:46:10"><testcase name="Obtener por id (get) los datos que arroja el consumo de la api"><failure message="&#13;&#10;Expected: &lt;200&gt;&#13;&#10;     but: was &lt;404&gt;" type="java.lang.AssertionError">&#13;
Expected: &lt;200&gt;&#13;
     but: was &lt;404&gt;</failure><system-err>&#13;
Expected: &lt;200&gt;&#13;
     but: was &lt;404&gt;&#13;
stepdefinitions.GetStepDefinition.deberíaVisualizarElEstadoDeDichaPetición(GetStepDefinition.java:33)&#13;
worker.org.gradle.process.internal.worker.GradleWorkerMain.run(GradleWorkerMain.java:69)&#13;
worker.org.gradle.process.internal.worker.GradleWorkerMain.main(GradleWorkerMain.java:74)&#13;
</system-err></testcase><testcase name="Crear una nueva mascota "/><testcase name="Eliminar una mascota "><failure message="&#13;&#10;Expected: &lt;200&gt;&#13;&#10;     but: was &lt;404&gt;" type="java.lang.AssertionError">&#13;
Expected: &lt;200&gt;&#13;
     but: was &lt;404&gt;</failure><system-err>&#13;
Expected: &lt;200&gt;&#13;
     but: was &lt;404&gt;&#13;
stepdefinitions.DeleteStepDefinition.deberíaVisualizarElEstadoDeLaPetición(DeleteStepDefinition.java:28)&#13;
worker.org.gradle.process.internal.worker.GradleWorkerMain.run(GradleWorkerMain.java:69)&#13;
worker.org.gradle.process.internal.worker.GradleWorkerMain.main(GradleWorkerMain.java:74)&#13;
</system-err></testcase></testsuite>